# JRE version: OpenJDK Runtime Environment (8.0_152-b01) (build 1.8.0_152-release-915-b01)
# Java VM: OpenJDK 64-Bit Server VM (25.152-b01 mixed mode windows-amd64 compressed oops)
Heap:
 PSYoungGen      total 367104K, used 18352K [0x00000000e0000000, 0x00000000f8980000, 0x0000000100000000)
  eden space 335872K, 0% used [0x00000000e0000000,0x00000000e0000000,0x00000000f4800000)
  from space 31232K, 58% used [0x00000000f6700000,0x00000000f78ec180,0x00000000f8580000)
  to   space 31744K, 0% used [0x00000000f4800000,0x00000000f4800000,0x00000000f6700000)
 ParOldGen       total 95744K, used 87485K [0x00000000a0000000, 0x00000000a5d80000, 0x00000000e0000000)
  object space 95744K, 91% used [0x00000000a0000000,0x00000000a556f548,0x00000000a5d80000)
 Metaspace       used 72723K, capacity 76300K, committed 76544K, reserved 1116160K
  class space    used 9567K, capacity 10446K, committed 10496K, reserved 1048576K
GC Heap History (10 events):
Event: 60.095 GC heap after
Heap after GC invocations=15 (full 2):
 PSYoungGen      total 231424K, used 1760K [0x00000000e0000000, 0x00000000f3800000, 0x0000000100000000)
  eden space 209920K, 0% used [0x00000000e0000000,0x00000000e0000000,0x00000000ecd00000)
  from space 21504K, 8% used [0x00000000ecd00000,0x00000000eceb8010,0x00000000ee200000)
  to   space 22016K, 0% used [0x00000000f2280000,0x00000000f2280000,0x00000000f3800000)
 ParOldGen       total 49664K, used 49475K [0x00000000a0000000, 0x00000000a3080000, 0x00000000e0000000)
  object space 49664K, 99% used [0x00000000a0000000,0x00000000a3050dc0,0x00000000a3080000)
 Metaspace       used 56686K, capacity 58986K, committed 59028K, reserved 1099776K
  class space    used 7769K, capacity 8409K, committed 8448K, reserved 1048576K
}
Event: 60.095 GC heap before
{Heap before GC invocations=16 (full 3):
 PSYoungGen      total 231424K, used 1760K [0x00000000e0000000, 0x00000000f3800000, 0x0000000100000000)
  eden space 209920K, 0% used [0x00000000e0000000,0x00000000e0000000,0x00000000ecd00000)
  from space 21504K, 8% used [0x00000000ecd00000,0x00000000eceb8010,0x00000000ee200000)
  to   space 22016K, 0% used [0x00000000f2280000,0x00000000f2280000,0x00000000f3800000)
 ParOldGen       total 49664K, used 49475K [0x00000000a0000000, 0x00000000a3080000, 0x00000000e0000000)
  object space 49664K, 99% used [0x00000000a0000000,0x00000000a3050dc0,0x00000000a3080000)
 Metaspace       used 56686K, capacity 58986K, committed 59028K, reserved 1099776K
  class space    used 7769K, capacity 8409K, committed 8448K, reserved 1048576K
Event: 60.912 GC heap after
Heap after GC invocations=16 (full 3):
 PSYoungGen      total 231424K, used 0K [0x00000000e0000000, 0x00000000f3800000, 0x0000000100000000)
  eden space 209920K, 0% used [0x00000000e0000000,0x00000000e0000000,0x00000000ecd00000)
  from space 21504K, 0% used [0x00000000ecd00000,0x00000000ecd00000,0x00000000ee200000)
  to   space 22016K, 0% used [0x00000000f2280000,0x00000000f2280000,0x00000000f3800000)
 ParOldGen       total 95744K, used 47763K [0x00000000a0000000, 0x00000000a5d80000, 0x00000000e0000000)
  object space 95744K, 49% used [0x00000000a0000000,0x00000000a2ea4fd0,0x00000000a5d80000)
 Metaspace       used 56686K, capacity 58986K, committed 59028K, reserved 1099776K
  class space    used 7769K, capacity 8409K, committed 8448K, reserved 1048576K
}
Event: 674.757 GC heap before
{Heap before GC invocations=17 (full 3):
 PSYoungGen      total 231424K, used 209920K [0x00000000e0000000, 0x00000000f3800000, 0x0000000100000000)
  eden space 209920K, 100% used [0x00000000e0000000,0x00000000ecd00000,0x00000000ecd00000)
  from space 21504K, 0% used [0x00000000ecd00000,0x00000000ecd00000,0x00000000ee200000)
  to   space 22016K, 0% used [0x00000000f2280000,0x00000000f2280000,0x00000000f3800000)
 ParOldGen       total 95744K, used 47763K [0x00000000a0000000, 0x00000000a5d80000, 0x00000000e0000000)
  object space 95744K, 49% used [0x00000000a0000000,0x00000000a2ea4fd0,0x00000000a5d80000)
 Metaspace       used 62033K, capacity 65100K, committed 65280K, reserved 1105920K
  class space    used 8301K, capacity 9122K, committed 9216K, reserved 1048576K
Event: 674.802 GC heap after
Heap after GC invocations=17 (full 3):
 PSYoungGen      total 282112K, used 9824K [0x00000000e0000000, 0x00000000f2f80000, 0x0000000100000000)
  eden space 268800K, 0% used [0x00000000e0000000,0x00000000e0000000,0x00000000f0680000)
  from space 13312K, 73% used [0x00000000f2280000,0x00000000f2c181e8,0x00000000f2f80000)
  to   space 20992K, 0% used [0x00000000f0680000,0x00000000f0680000,0x00000000f1b00000)
 ParOldGen       total 95744K, used 47771K [0x00000000a0000000, 0x00000000a5d80000, 0x00000000e0000000)
  object space 95744K, 49% used [0x00000000a0000000,0x00000000a2ea6fd0,0x00000000a5d80000)
 Metaspace       used 62033K, capacity 65100K, committed 65280K, reserved 1105920K
  class space    used 8301K, capacity 9122K, committed 9216K, reserved 1048576K
}
Event: 695.621 GC heap before
{Heap before GC invocations=18 (full 3):
 PSYoungGen      total 282112K, used 278624K [0x00000000e0000000, 0x00000000f2f80000, 0x0000000100000000)
  eden space 268800K, 100% used [0x00000000e0000000,0x00000000f0680000,0x00000000f0680000)
  from space 13312K, 73% used [0x00000000f2280000,0x00000000f2c181e8,0x00000000f2f80000)
  to   space 20992K, 0% used [0x00000000f0680000,0x00000000f0680000,0x00000000f1b00000)
 ParOldGen       total 95744K, used 47771K [0x00000000a0000000, 0x00000000a5d80000, 0x00000000e0000000)
  object space 95744K, 49% used [0x00000000a0000000,0x00000000a2ea6fd0,0x00000000a5d80000)
 Metaspace       used 70547K, capacity 73938K, committed 74240K, reserved 1114112K
  class space    used 9291K, capacity 10155K, committed 10240K, reserved 1048576K
Event: 695.744 GC heap after
Heap after GC invocations=18 (full 3):
 PSYoungGen      total 289792K, used 20972K [0x00000000e0000000, 0x00000000f8580000, 0x0000000100000000)
  eden space 268800K, 0% used [0x00000000e0000000,0x00000000e0000000,0x00000000f0680000)
  from space 20992K, 99% used [0x00000000f0680000,0x00000000f1afb358,0x00000000f1b00000)
  to   space 31232K, 0% used [0x00000000f6700000,0x00000000f6700000,0x00000000f8580000)
 ParOldGen       total 95744K, used 66574K [0x00000000a0000000, 0x00000000a5d80000, 0x00000000e0000000)
  object space 95744K, 69% used [0x00000000a0000000,0x00000000a4103aa0,0x00000000a5d80000)
 Metaspace       used 70547K, capacity 73938K, committed 74240K, reserved 1114112K
  class space    used 9291K, capacity 10155K, committed 10240K, reserved 1048576K
}
Event: 704.133 GC heap before
{Heap before GC invocations=19 (full 3):
 PSYoungGen      total 289792K, used 289772K [0x00000000e0000000, 0x00000000f8580000, 0x0000000100000000)
  eden space 268800K, 100% used [0x00000000e0000000,0x00000000f0680000,0x00000000f0680000)
  from space 20992K, 99% used [0x00000000f0680000,0x00000000f1afb358,0x00000000f1b00000)
  to   space 31232K, 0% used [0x00000000f6700000,0x00000000f6700000,0x00000000f8580000)
 ParOldGen       total 95744K, used 66574K [0x00000000a0000000, 0x00000000a5d80000, 0x00000000e0000000)
  object space 95744K, 69% used [0x00000000a0000000,0x00000000a4103aa0,0x00000000a5d80000)
 Metaspace       used 72723K, capacity 76300K, committed 76544K, reserved 1116160K
  class space    used 9567K, capacity 10446K, committed 10496K, reserved 1048576K
Event: 704.314 GC heap after
Heap after GC invocations=19 (full 3):
 PSYoungGen      total 367104K, used 18352K [0x00000000e0000000, 0x00000000f8980000, 0x0000000100000000)
  eden space 335872K, 0% used [0x00000000e0000000,0x00000000e0000000,0x00000000f4800000)
  from space 31232K, 58% used [0x00000000f6700000,0x00000000f78ec180,0x00000000f8580000)
  to   space 31744K, 0% used [0x00000000f4800000,0x00000000f4800000,0x00000000f6700000)
 ParOldGen       total 95744K, used 87485K [0x00000000a0000000, 0x00000000a5d80000, 0x00000000e0000000)
  object space 95744K, 91% used [0x00000000a0000000,0x00000000a556f548,0x00000000a5d80000)
 Metaspace       used 72723K, capacity 76300K, committed 76544K, reserved 1116160K
  class space    used 9567K, capacity 10446K, committed 10496K, reserved 1048576K
}
Event: 704.314 GC heap before
{Heap before GC invocations=20 (full 4):
 PSYoungGen      total 367104K, used 18352K [0x00000000e0000000, 0x00000000f8980000, 0x0000000100000000)
  eden space 335872K, 0% used [0x00000000e0000000,0x00000000e0000000,0x00000000f4800000)
  from space 31232K, 58% used [0x00000000f6700000,0x00000000f78ec180,0x00000000f8580000)
  to   space 31744K, 0% used [0x00000000f4800000,0x00000000f4800000,0x00000000f6700000)
 ParOldGen       total 95744K, used 87485K [0x00000000a0000000, 0x00000000a5d80000, 0x00000000e0000000)
  object space 95744K, 91% used [0x00000000a0000000,0x00000000a556f548,0x00000000a5d80000)
 Metaspace       used 72723K, capacity 76300K, committed 76544K, reserved 1116160K
  class space    used 9567K, capacity 10446K, committed 10496K, reserved 1048576K

